<?xml version="1.0" encoding="UTF-8"?>
<!-- Generated by org.testng.reporters.JUnitXMLReporter -->
<testsuite ignored="0" hostname="aipl8211lt15336.local" failures="11" tests="24" name="ListenersPractice" time="0.207" errors="0" timestamp="2023-11-19T02:54:11 IST">
  <testcase classname="Tests.TestNGClassOne" name="test1" time="0.015"/>
  <testcase classname="Tests.TestNGClassOne" name="test2" time="0.002"/>
  <testcase classname="Tests.TestNGClassOne" name="test3" time="0.004"/>
  <testcase classname="Tests.TestNGClassOne" name="test4" time="0.002">
    <failure type="java.lang.AssertionError" message="null">
      <![CDATA[java.lang.AssertionError: null
at Tests.TestNGClassOne.test4(TestNGClassOne.java:37)
at java.base/java.util.ArrayList.forEach(ArrayList.java:1511)
... Removed 27 stack frames]]>
    </failure>
  </testcase> <!-- test4 -->
  <testcase classname="Tests.TestNGClassOne" name="test5" time="0.004">
    <failure type="java.lang.AssertionError" message="null">
      <![CDATA[java.lang.AssertionError: null
at Tests.TestNGClassOne.test5(TestNGClassOne.java:44)
at java.base/java.util.ArrayList.forEach(ArrayList.java:1511)
... Removed 27 stack frames]]>
    </failure>
  </testcase> <!-- test5 -->
  <testcase classname="Tests.TestNGClassOne" name="test6" time="0.002">
    <failure type="java.lang.AssertionError" message="null">
      <![CDATA[java.lang.AssertionError: null
at Tests.TestNGClassOne.test6(TestNGClassOne.java:51)
at java.base/java.util.ArrayList.forEach(ArrayList.java:1511)
... Removed 27 stack frames]]>
    </failure>
  </testcase> <!-- test6 -->
  <testcase classname="Tests.TestNGClassOne" name="test7" time="0.001"/>
  <testcase classname="Tests.TestNGClassOne" name="test8" time="0.003">
    <failure type="java.lang.AssertionError" message="null">
      <![CDATA[java.lang.AssertionError: null
at Tests.TestNGClassOne.test8(TestNGClassOne.java:65)
at java.base/java.util.ArrayList.forEach(ArrayList.java:1511)
... Removed 27 stack frames]]>
    </failure>
  </testcase> <!-- test8 -->
  <testcase classname="Tests.TestNGClassOne" name="test9" time="0.001">
    <failure type="java.lang.AssertionError" message="null">
      <![CDATA[java.lang.AssertionError: null
at Tests.TestNGClassOne.test9(TestNGClassOne.java:72)
at java.base/java.util.ArrayList.forEach(ArrayList.java:1511)
... Removed 27 stack frames]]>
    </failure>
  </testcase> <!-- test9 -->
  <testcase classname="Tests.TestNGClassOne" name="test10" time="0.012"/>
  <testcase classname="Tests.TestNGClassTwo" name="test11" time="0.006"/>
  <testcase classname="Tests.TestNGClassTwo" name="test12" time="0.003">
    <skipped/>
  </testcase> <!-- test12 -->
  <testcase classname="Tests.TestNGClassTwo" name="test12" time="0.005">
    <skipped/>
  </testcase> <!-- test12 -->
  <testcase classname="Tests.TestNGClassTwo" name="test12" time="0.002">
    <skipped/>
  </testcase> <!-- test12 -->
  <testcase classname="Tests.TestNGClassTwo" name="test12" time="0.002">
    <skipped/>
  </testcase> <!-- test12 -->
  <testcase classname="Tests.TestNGClassTwo" name="test12" time="0.002">
    <failure type="java.lang.AssertionError" message="expected [true] but found [false]">
      <![CDATA[java.lang.AssertionError: expected [true] but found [false]
at Tests.TestNGClassTwo.test12(TestNGClassTwo.java:29)
at java.base/java.util.ArrayList.forEach(ArrayList.java:1511)
... Removed 29 stack frames]]>
    </failure>
  </testcase> <!-- test12 -->
  <testcase classname="Tests.TestNGClassTwo" name="test13" time="0.001"/>
  <testcase classname="Tests.TestNGClassTwo" name="test14" time="0.002">
    <failure type="java.lang.AssertionError" message="null">
      <![CDATA[java.lang.AssertionError: null
at Tests.TestNGClassTwo.test14(TestNGClassTwo.java:45)
at java.base/java.util.ArrayList.forEach(ArrayList.java:1511)
... Removed 27 stack frames]]>
    </failure>
  </testcase> <!-- test14 -->
  <testcase classname="Tests.TestNGClassTwo" name="test15" time="0.003">
    <failure type="java.lang.AssertionError" message="null">
      <![CDATA[java.lang.AssertionError: null
at Tests.TestNGClassTwo.test15(TestNGClassTwo.java:53)
at java.base/java.util.ArrayList.forEach(ArrayList.java:1511)
... Removed 27 stack frames]]>
    </failure>
  </testcase> <!-- test15 -->
  <testcase classname="Tests.TestNGClassTwo" name="test16" time="0.004">
    <failure type="java.lang.AssertionError" message="null">
      <![CDATA[java.lang.AssertionError: null
at Tests.TestNGClassTwo.test16(TestNGClassTwo.java:61)
at java.base/java.util.ArrayList.forEach(ArrayList.java:1511)
... Removed 27 stack frames]]>
    </failure>
  </testcase> <!-- test16 -->
  <testcase classname="Tests.TestNGClassTwo" name="test17" time="0.001"/>
  <testcase classname="Tests.TestNGClassTwo" name="test18" time="0.003">
    <failure type="java.lang.AssertionError" message="null">
      <![CDATA[java.lang.AssertionError: null
at Tests.TestNGClassTwo.test18(TestNGClassTwo.java:77)
at java.base/java.util.ArrayList.forEach(ArrayList.java:1511)
... Removed 27 stack frames]]>
    </failure>
  </testcase> <!-- test18 -->
  <testcase classname="Tests.TestNGClassTwo" name="test19" time="0.001">
    <failure type="java.lang.AssertionError" message="null">
      <![CDATA[java.lang.AssertionError: null
at Tests.TestNGClassTwo.test19(TestNGClassTwo.java:85)
at java.base/java.util.ArrayList.forEach(ArrayList.java:1511)
... Removed 27 stack frames]]>
    </failure>
  </testcase> <!-- test19 -->
  <testcase classname="Tests.TestNGClassTwo" name="test20" time="0.001"/>
</testsuite> <!-- ListenersPractice -->
